<?xml version="1.0" encoding="UTF-8"?>
<!-- Generated by org.testng.reporters.JUnitReportReporter -->
<testsuite hostname="LAPTOP-RJLSA4M0" failures="0" tests="2" name="Demo.FirstTest" time="20.935" errors="0" timestamp="2020-09-27T12:47:53 IST" skipped="0">
  <testcase classname="Demo.FirstTest" name="f" time="12.208"/>
  <system-out/>
  <testcase classname="Demo.FirstTest" name="f" time="8.727"/>
  <system-out/>
</testsuite> <!-- Demo.FirstTest -->
